This is pdfTeX, Version 3.14159265-2.6-1.40.21 (MiKTeX 20.7) (preloaded format=pdflatex 2020.10.2)  26 MAY 2021 16:11
entering extended mode
**./memoria.tex
(memoria.tex
LaTeX2e <2020-02-02> patch level 5
L3 programming layer <2020-09-03>
("C:\Program Files\MiKTeX\tex/latex/base\article.cls"
Document Class: article 2019/12/20 v1.4l Standard LaTeX document class
("C:\Program Files\MiKTeX\tex/latex/base\size11.clo"
File: size11.clo 2019/12/20 v1.4l Standard LaTeX file (size option)
)
\c@part=\count168
\c@section=\count169
\c@subsection=\count170
\c@subsubsection=\count171
\c@paragraph=\count172
\c@subparagraph=\count173
\c@figure=\count174
\c@table=\count175
\abovecaptionskip=\skip47
\belowcaptionskip=\skip48
\bibindent=\dimen134
)
("C:\Program Files\MiKTeX\tex/latex/siunitx\siunitx.sty"
("C:\Program Files\MiKTeX\tex/latex/l3kernel\expl3.sty"
Package: expl3 2020-09-03 L3 programming layer (loader) 

("C:\Program Files\MiKTeX\tex/latex/l3backend\l3backend-pdftex.def"
File: l3backend-pdftex.def 2020-09-01 L3 backend support: PDF output (pdfTeX)
\l__kernel_color_stack_int=\count176
\l__pdf_internal_box=\box45
))
("C:\Program Files\MiKTeX\tex/latex/l3packages/xparse\xparse.sty"
Package: xparse 2020-05-15 L3 Experimental document command parser

("C:\Program Files\MiKTeX\tex/latex/l3packages/xparse\xparse-generic.tex"
\l__xparse_current_arg_int=\count177
\g__xparse_grabber_int=\count178
\l__xparse_m_args_int=\count179
\l__xparse_v_nesting_int=\count180
))
Package: siunitx 2020/02/25 v2.8b A comprehensive (SI) units package

("C:\Program Files\MiKTeX\tex/latex/amsmath\amstext.sty"
Package: amstext 2000/06/29 v2.01 AMS text

("C:\Program Files\MiKTeX\tex/latex/amsmath\amsgen.sty"
File: amsgen.sty 1999/11/30 v2.0 generic functions
\@emptytoks=\toks15
\ex@=\dimen135
))
("C:\Program Files\MiKTeX\tex/latex/tools\array.sty"
Package: array 2019/08/31 v2.4l Tabular extension package (FMi)
\col@sep=\dimen136
\ar@mcellbox=\box46
\extrarowheight=\dimen137
\NC@list=\toks16
\extratabsurround=\skip49
\backup@length=\skip50
\ar@cellbox=\box47
)
("C:\Program Files\MiKTeX\tex/latex/l3packages/l3keys2e\l3keys2e.sty"
Package: l3keys2e 2020-05-15 LaTeX2e option processing using LaTeX3 keys
)
\l__siunitx_tmp_box=\box48
\l__siunitx_tmp_dim=\dimen138
\l__siunitx_tmp_int=\count181
\l__siunitx_number_mantissa_length_int=\count182
\l__siunitx_number_uncert_length_int=\count183
\l__siunitx_round_int=\count184
\l__siunitx_process_decimal_int=\count185
\l__siunitx_process_uncertainty_int=\count186
\l__siunitx_process_fixed_int=\count187
\l__siunitx_process_integer_min_int=\count188
\l__siunitx_process_precision_int=\count189
\l__siunitx_group_min_int=\count190
\l__siunitx_angle_marker_box=\box49
\l__siunitx_angle_unit_box=\box50
\l__siunitx_angle_marker_dim=\dimen139
\l__siunitx_angle_unit_dim=\dimen140
\l__siunitx_unit_int=\count191
\l__siunitx_unit_denominator_int=\count192
\l__siunitx_unit_numerator_int=\count193
\l__siunitx_unit_prefix_int=\count194
\l__siunitx_unit_prefix_base_int=\count195
\l__siunitx_unit_prefix_gram_int=\count196
\l__siunitx_number_product_int=\count197
\c__siunitx_one_fill_skip=\skip51
\l__siunitx_table_unit_align_skip=\skip52
\l__siunitx_table_exponent_dim=\dimen141
\l__siunitx_table_integer_dim=\dimen142
\l__siunitx_table_mantissa_dim=\dimen143
\l__siunitx_table_marker_dim=\dimen144
\l__siunitx_table_result_dim=\dimen145
\l__siunitx_table_uncert_dim=\dimen146
\l__siunitx_table_fill_pre_dim=\dimen147
\l__siunitx_table_fill_post_dim=\dimen148
\l__siunitx_table_fill_mid_dim=\dimen149
\l__siunitx_table_pre_box=\box51
\l__siunitx_table_post_box=\box52
\l__siunitx_table_mantissa_box=\box53
\l__siunitx_table_result_box=\box54
\l__siunitx_table_number_align_skip=\skip53
\l__siunitx_table_text_align_skip=\skip54

("C:\Program Files\MiKTeX\tex/latex/translator\translator.sty"
Package: translator 2020-08-03 v1.12c Easy translation of strings in LaTeX

("C:\Program Files\MiKTeX\tex/latex/graphics\keyval.sty"
Package: keyval 2014/10/28 v1.15 key=value parser (DPC)
\KV@toks@=\toks17
)))
("C:\Program Files\MiKTeX\tex/latex/caption\caption.sty"
Package: caption 2020/10/26 v3.5g Customizing captions (AR)

("C:\Program Files\MiKTeX\tex/latex/caption\caption3.sty"
Package: caption3 2020/10/21 v2.2e caption3 kernel (AR)
\captionmargin=\dimen150
\captionmargin@=\dimen151
\captionwidth=\dimen152
\caption@tempdima=\dimen153
\caption@indent=\dimen154
\caption@parindent=\dimen155
\caption@hangindent=\dimen156
Package caption Info: Standard document class detected.
)
\c@caption@flags=\count198
\c@continuedfloat=\count199
)
("C:\Program Files\MiKTeX\tex/latex/caption\subcaption.sty"
Package: subcaption 2020/10/07 v1.3j Sub-captions (AR)
\c@subfigure=\count266
\c@subtable=\count267
)
("C:\Program Files\MiKTeX\tex/latex/cite\cite.sty"
LaTeX Info: Redefining \cite on input line 302.
LaTeX Info: Redefining \nocite on input line 332.
Package: cite 2015/02/27  v 5.5
)
("C:\Program Files\MiKTeX\tex/latex/graphics\graphicx.sty"
Package: graphicx 2019/11/30 v1.2a Enhanced LaTeX Graphics (DPC,SPQR)

("C:\Program Files\MiKTeX\tex/latex/graphics\graphics.sty"
Package: graphics 2019/11/30 v1.4a Standard LaTeX Graphics (DPC,SPQR)

("C:\Program Files\MiKTeX\tex/latex/graphics\trig.sty"
Package: trig 2016/01/03 v1.10 sin cos tan (DPC)
)
("C:\Program Files\MiKTeX\tex/latex/graphics-cfg\graphics.cfg"
File: graphics.cfg 2016/06/04 v1.11 sample graphics configuration
)
Package graphics Info: Driver file: pdftex.def on input line 105.

("C:\Program Files\MiKTeX\tex/latex/graphics-def\pdftex.def"
File: pdftex.def 2020/08/26 v1.2 Graphics/color driver for pdftex
))
\Gin@req@height=\dimen157
\Gin@req@width=\dimen158
)
("C:\Program Files\MiKTeX\tex/generic/babel\babel.sty"
Package: babel 2020/09/01 3.48 The Babel package

("C:\Program Files\MiKTeX\tex/generic/babel\babel.def"
File: babel.def 2020/09/01 3.48 Babel common definitions
\babel@savecnt=\count268
\U@D=\dimen159
\l@babelnohyphens=\language79

("C:\Program Files\MiKTeX\tex/generic/babel\txtbabel.def")
\bbl@readstream=\read2
)
\bbl@dirlevel=\count269

*************************************
* Local config file bblopts.cfg used
*
("C:\Program Files\MiKTeX\tex/latex/arabi\bblopts.cfg"
File: bblopts.cfg 2005/09/08 v0.1 add Arabic and Farsi to "declared" options of
 babel
)
("C:\Program Files\MiKTeX\tex/latex/babel-spanish\spanish.ldf"
Language: spanish.ldf 2016/03/03 v5.0p Spanish support from the babel system
\es@quottoks=\toks18
\es@quotdepth=\count270
Package babel Info: Making " an active character on input line 561.
Package babel Info: Making . an active character on input line 662.
Package babel Info: Making < an active character on input line 707.
Package babel Info: Making > an active character on input line 707.
))
("C:\Program Files\MiKTeX\tex/latex/base\inputenc.sty"
Package: inputenc 2018/08/11 v1.3c Input encoding file
\inpenc@prehook=\toks19
\inpenc@posthook=\toks20
)
("C:\Program Files\MiKTeX\tex/latex/vmargin\vmargin.sty"
Package: vmargin 2004/07/15 V2.5 set document margins (VK)

Package: vmargin 2004/07/15 V2.5 set document margins (VK)
\PaperWidth=\dimen160
\PaperHeight=\dimen161
) ("C:\Program Files\MiKTeX\tex/latex/multirow\multirow.sty"
Package: multirow 2021/01/29 v2.7 Span multiple rows of a table
\multirow@colwidth=\skip55
\multirow@cntb=\count271
\multirow@dima=\skip56
\bigstrutjot=\dimen162
)
("C:\Program Files\MiKTeX\tex/latex/xcolor\xcolor.sty"
Package: xcolor 2016/05/11 v2.12 LaTeX color extensions (UK)

("C:\Program Files\MiKTeX\tex/latex/graphics-cfg\color.cfg"
File: color.cfg 2016/01/02 v1.6 sample color configuration
)
Package xcolor Info: Driver file: pdftex.def on input line 225.

("C:\Program Files\MiKTeX\tex/latex/colortbl\colortbl.sty"
Package: colortbl 2020/01/04 v1.0e Color table columns (DPC)
\everycr=\toks21
\minrowclearance=\skip57
)
\rownum=\count272
Package xcolor Info: Model `cmy' substituted by `cmy0' on input line 1348.
Package xcolor Info: Model `hsb' substituted by `rgb' on input line 1352.
Package xcolor Info: Model `RGB' extended on input line 1364.
Package xcolor Info: Model `HTML' substituted by `rgb' on input line 1366.
Package xcolor Info: Model `Hsb' substituted by `hsb' on input line 1367.
Package xcolor Info: Model `tHsb' substituted by `hsb' on input line 1368.
Package xcolor Info: Model `HSB' substituted by `hsb' on input line 1369.
Package xcolor Info: Model `Gray' substituted by `gray' on input line 1370.
Package xcolor Info: Model `wave' substituted by `hsb' on input line 1371.
) (memoria.aux
LaTeX Info: Redefining \. on input line 8.
LaTeX Info: Redefining \% on input line 8.
)
\openout1 = `memoria.aux'.

LaTeX Font Info:    Checking defaults for OML/cmm/m/it on input line 17.
LaTeX Font Info:    ... okay on input line 17.
LaTeX Font Info:    Checking defaults for OMS/cmsy/m/n on input line 17.
LaTeX Font Info:    ... okay on input line 17.
LaTeX Font Info:    Checking defaults for OT1/cmr/m/n on input line 17.
LaTeX Font Info:    ... okay on input line 17.
LaTeX Font Info:    Checking defaults for T1/cmr/m/n on input line 17.
LaTeX Font Info:    ... okay on input line 17.
LaTeX Font Info:    Checking defaults for TS1/cmr/m/n on input line 17.
LaTeX Font Info:    ... okay on input line 17.
LaTeX Font Info:    Checking defaults for OMX/cmex/m/n on input line 17.
LaTeX Font Info:    ... okay on input line 17.
LaTeX Font Info:    Checking defaults for U/cmr/m/n on input line 17.
LaTeX Font Info:    ... okay on input line 17.

("C:\Program Files\MiKTeX\tex/latex/translator\translator-basic-dictionary-Engl
ish.dict"
Dictionary: translator-basic-dictionary, Language: English 
) ("C:\Program Files\MiKTeX\tex/latex/siunitx\siunitx-abbreviations.cfg"
File: siunitx-abbreviations.cfg 2017/11/26 v2.7k siunitx: Abbreviated units
)
Package caption Info: Begin \AtBeginDocument code.
Package caption Info: End \AtBeginDocument code.
 ("C:\Program Files\MiKTeX\tex/context/base/mkii\supp-pdf.mkii"
[Loading MPS to PDF converter (version 2006.09.02).]
\scratchcounter=\count273
\scratchdimen=\dimen163
\scratchbox=\box55
\nofMPsegments=\count274
\nofMParguments=\count275
\everyMPshowfont=\toks22
\MPscratchCnt=\count276
\MPscratchDim=\dimen164
\MPnumerator=\count277
\makeMPintoPDFobject=\count278
\everyMPtoPDFconversion=\toks23
) ("C:\Program Files\MiKTeX\tex/latex/epstopdf-pkg\epstopdf-base.sty"
Package: epstopdf-base 2020-01-24 v2.11 Base part for package epstopdf
Package epstopdf-base Info: Redefining graphics rule for `.eps' on input line 4
85.
)
LaTeX Info: Redefining \. on input line 17.
LaTeX Info: Redefining \% on input line 17.
LaTeX Font Info:    External font `cmex10' loaded for size
(Font)              <10.95> on input line 17.
LaTeX Font Info:    External font `cmex10' loaded for size
(Font)              <8> on input line 17.
LaTeX Font Info:    External font `cmex10' loaded for size
(Font)              <6> on input line 17.
<figuras/logoUCM.png, id=1, 145.5036pt x 169.5936pt>
File: figuras/logoUCM.png Graphic file (type png)
<use figuras/logoUCM.png>
Package pdftex.def Info: figuras/logoUCM.png  used on input line 31.
(pdftex.def)             Requested size: 164.31752pt x 191.52466pt.
 [1

{C:/Users/Ignacio/AppData/Local/MiKTeX/pdftex/config/pdftex.map} <./figuras/log
oUCM.png>] [1] (memoria.toc
LaTeX Info: Redefining \. on input line 1.
LaTeX Info: Redefining \% on input line 1.
)
\tf@toc=\write3
\openout3 = `memoria.toc'.

 [2]
<figuras/DL_papers.png, id=18, 563.10374pt x 303.534pt>
File: figuras/DL_papers.png Graphic file (type png)
<use figuras/DL_papers.png>
Package pdftex.def Info: figuras/DL_papers.png  used on input line 110.
(pdftex.def)             Requested size: 281.68513pt x 151.84073pt.
 [3] [4 <./figuras/DL_papers.png>]

LaTeX Warning: Command \textendash invalid in math mode on input line 147.


LaTeX Warning: No positions in optional float specifier.
               Default added (so using `tbp') on input line 163.

<figuras/lowq.png, id=30, 420.97275pt x 195.73125pt>
File: figuras/lowq.png Graphic file (type png)
<use figuras/lowq.png>
Package pdftex.def Info: figuras/lowq.png  used on input line 186.
(pdftex.def)             Requested size: 281.68513pt x 130.96901pt.
<figuras/highq.png, id=31, 463.7325pt x 182.48175pt>
File: figuras/highq.png Graphic file (type png)
<use figuras/highq.png>
Package pdftex.def Info: figuras/highq.png  used on input line 192.
(pdftex.def)             Requested size: 281.68513pt x 110.8459pt.
[5]
<figuras/resolution.png, id=37, 270.41025pt x 106.59825pt>
File: figuras/resolution.png Graphic file (type png)
<use figuras/resolution.png>
Package pdftex.def Info: figuras/resolution.png  used on input line 209.
(pdftex.def)             Requested size: 284.52756pt x 112.16405pt.
 [6 <./figuras/lowq.png> <./figuras/highq.png>]

LaTeX Warning: Command \textperiodcentered invalid in math mode on input line 2
16.


LaTeX Warning: Command \textperiodcentered invalid in math mode on input line 2
16.

Missing character: There is no · in font cmr10!
[7 <./figuras/resolution.png>]
<figuras/reverberation.png, id=46, 152.36925pt x 275.22826pt>
File: figuras/reverberation.png Graphic file (type png)
<use figuras/reverberation.png>
Package pdftex.def Info: figuras/reverberation.png  used on input line 232.
(pdftex.def)             Requested size: 117.36761pt x 212.0062pt.
<figuras/alines.jpg, id=47, 634.37pt x 908.39375pt>
File: figuras/alines.jpg Graphic file (type jpg)
<use figuras/alines.jpg>
Package pdftex.def Info: figuras/alines.jpg  used on input line 237.
(pdftex.def)             Requested size: 140.84256pt x 201.67688pt.
<figuras/blines.jpg, id=48, 634.37pt x 908.39375pt>
File: figuras/blines.jpg Graphic file (type jpg)
<use figuras/blines.jpg>
Package pdftex.def Info: figuras/blines.jpg  used on input line 243.
(pdftex.def)             Requested size: 140.84256pt x 201.67688pt.
 [8 <./figuras/reverberation.png> <./figuras/alines.jpg> <./figuras/blines.jpg>
]
<figuras/clusters.png, id=53, 735.34724pt x 498.663pt>
File: figuras/clusters.png Graphic file (type png)
<use figuras/clusters.png>
Package pdftex.def Info: figuras/clusters.png  used on input line 281.
(pdftex.def)             Requested size: 284.52756pt x 192.94077pt.
<figuras/centroid_0.jpg, id=54, 634.37pt x 908.39375pt>
File: figuras/centroid_0.jpg Graphic file (type jpg)
<use figuras/centroid_0.jpg>
Package pdftex.def Info: figuras/centroid_0.jpg  used on input line 289.
(pdftex.def)             Requested size: 140.84256pt x 201.67688pt.
<figuras/centroid_1.jpg, id=55, 634.37pt x 908.39375pt>
File: figuras/centroid_1.jpg Graphic file (type jpg)
<use figuras/centroid_1.jpg>
Package pdftex.def Info: figuras/centroid_1.jpg  used on input line 293.
(pdftex.def)             Requested size: 140.84256pt x 201.67688pt.
<figuras/centroid_2.jpg, id=56, 634.37pt x 908.39375pt>
File: figuras/centroid_2.jpg Graphic file (type jpg)
<use figuras/centroid_2.jpg>
Package pdftex.def Info: figuras/centroid_2.jpg  used on input line 297.
(pdftex.def)             Requested size: 140.84256pt x 201.67688pt.
 [9] [10 <./figuras/clusters.png> <./figuras/centroid_0.jpg> <./figuras/centroi
d_1.jpg> <./figuras/centroid_2.jpg>]
<figuras/polar_original.png, id=65, 128.27925pt x 173.448pt>
File: figuras/polar_original.png Graphic file (type png)
<use figuras/polar_original.png>
Package pdftex.def Info: figuras/polar_original.png  used on input line 312.
(pdftex.def)             Requested size: 136.14328pt x 184.10013pt.
<figuras/polar_new.png, id=66, 183.68625pt x 172.84575pt>
File: figuras/polar_new.png Graphic file (type png)
<use figuras/polar_new.png>
Package pdftex.def Info: figuras/polar_new.png  used on input line 318.
(pdftex.def)             Requested size: 164.31752pt x 154.63135pt.
<figuras/polar.png, id=67, 156.585pt x 150.5625pt>
File: figuras/polar.png Graphic file (type png)
<use figuras/polar.png>
Package pdftex.def Info: figuras/polar.png  used on input line 324.
(pdftex.def)             Requested size: 140.84256pt x 135.42917pt.
 [11 <./figuras/polar_original.png> <./figuras/polar_new.png> <./figuras/polar.
png>]
<figuras/sigmoid.png, id=74, 763.653pt x 257.16075pt>
File: figuras/sigmoid.png Graphic file (type png)
<use figuras/sigmoid.png>
Package pdftex.def Info: figuras/sigmoid.png  used on input line 353.
(pdftex.def)             Requested size: 312.9803pt x 105.39734pt.
<figuras/bline_ratio.png, id=75, 433.62pt x 289.08pt>
File: figuras/bline_ratio.png Graphic file (type png)
<use figuras/bline_ratio.png>
Package pdftex.def Info: figuras/bline_ratio.png  used on input line 369.
(pdftex.def)             Requested size: 234.73523pt x 156.49344pt.
<figuras/scores1_2.png, id=76, 433.62pt x 289.08pt>
File: figuras/scores1_2.png Graphic file (type png)
<use figuras/scores1_2.png>
Package pdftex.def Info: figuras/scores1_2.png  used on input line 377.
(pdftex.def)             Requested size: 305.15292pt x 203.44412pt.
<figuras/scores1_3.png, id=77, 433.62pt x 289.08pt>
File: figuras/scores1_3.png Graphic file (type png)
<use figuras/scores1_3.png>
Package pdftex.def Info: figuras/scores1_3.png  used on input line 383.
(pdftex.def)             Requested size: 305.15292pt x 203.44412pt.
<figuras/scores2_3.png, id=78, 433.62pt x 289.08pt>
File: figuras/scores2_3.png Graphic file (type png)
<use figuras/scores2_3.png>
Package pdftex.def Info: figuras/scores2_3.png  used on input line 389.
(pdftex.def)             Requested size: 305.15292pt x 203.44412pt.


LaTeX Warning: Float too large for page by 37.16888pt on input line 394.

[12 <./figuras/sigmoid.png>]

LaTeX Warning: No positions in optional float specifier.
               Default added (so using `tbp') on input line 423.

<figuras/discussion.png, id=83, 433.62pt x 289.08pt>
File: figuras/discussion.png Graphic file (type png)
<use figuras/discussion.png>
Package pdftex.def Info: figuras/discussion.png  used on input line 436.
(pdftex.def)             Requested size: 312.9803pt x 208.66234pt.

LaTeX Warning: `h' float specifier changed to `ht'.

[13 <./figuras/bline_ratio.png>] [14 <./figuras/scores1_2.png> <./figuras/score
s1_3.png> <./figuras/scores2_3.png>]
<figuras/spleen.jpg, id=94, 634.37pt x 908.39375pt>
File: figuras/spleen.jpg Graphic file (type jpg)
<use figuras/spleen.jpg>
Package pdftex.def Info: figuras/spleen.jpg  used on input line 452.
(pdftex.def)             Requested size: 129.14647pt x 184.9429pt.
<figuras/short_range.jpg, id=95, 634.37pt x 908.39375pt>
File: figuras/short_range.jpg Graphic file (type jpg)
<use figuras/short_range.jpg>
Package pdftex.def Info: figuras/short_range.jpg  used on input line 457.
(pdftex.def)             Requested size: 129.14647pt x 184.9429pt.


LaTeX Warning: `h' float specifier changed to `ht'.

[15 <./figuras/discussion.png>] [16 <./figuras/spleen.jpg> <./figuras/short_ran
ge.jpg>] (memoria.bbl [17]) [18] (memoria.aux
LaTeX Info: Redefining \. on input line 8.
LaTeX Info: Redefining \% on input line 8.
) ) 
Here is how much of TeX's memory you used:
 7385 strings out of 481199
 150547 string characters out of 2915343
 396286 words of memory out of 3000000
 22903 multiletter control sequences out of 15000+200000
 542216 words of font info for 54 fonts, out of 3000000 for 9000
 1141 hyphenation exceptions out of 8191
 39i,12n,46p,1627b,795s stack positions out of 5000i,500n,10000p,200000b,50000s
<C:/Program Files/MiKTeX/fonts/type1/public/amsfonts/cm/cmbx10.pfb><C:/Progr
am Files/MiKTeX/fonts/type1/public/amsfonts/cm/cmbx12.pfb><C:/Program Files/MiK
TeX/fonts/type1/public/amsfonts/cm/cmex10.pfb><C:/Program Files/MiKTeX/fonts/ty
pe1/public/amsfonts/cm/cmmi10.pfb><C:/Program Files/MiKTeX/fonts/type1/public/a
msfonts/cm/cmmi6.pfb><C:/Program Files/MiKTeX/fonts/type1/public/amsfonts/cm/cm
mi8.pfb><C:/Program Files/MiKTeX/fonts/type1/public/amsfonts/cm/cmr10.pfb><C:/P
rogram Files/MiKTeX/fonts/type1/public/amsfonts/cm/cmr12.pfb><C:/Program Files/
MiKTeX/fonts/type1/public/amsfonts/cm/cmr6.pfb><C:/Program Files/MiKTeX/fonts/t
ype1/public/amsfonts/cm/cmr8.pfb><C:/Program Files/MiKTeX/fonts/type1/public/am
sfonts/cm/cmsy10.pfb><C:/Program Files/MiKTeX/fonts/type1/public/amsfonts/cm/cm
sy8.pfb><C:/Program Files/MiKTeX/fonts/type1/public/amsfonts/cm/cmti10.pfb>
Output written on memoria.pdf (19 pages, 1082116 bytes).
PDF statistics:
 153 PDF objects out of 1000 (max. 8388607)
 0 named destinations out of 1000 (max. 500000)
 116 words of extra memory for PDF output out of 10000 (max. 10000000)

