This is pdfTeX, Version 3.14159265-2.6-1.40.21 (MiKTeX 20.7) (preloaded format=pdflatex 2020.10.2)  11 JUN 2021 17:08
entering extended mode
**./thesis.tex
(thesis.tex
LaTeX2e <2020-02-02> patch level 5
L3 programming layer <2020-09-03>
("C:\Program Files\MiKTeX\tex/latex/base\article.cls"
Document Class: article 2019/12/20 v1.4l Standard LaTeX document class
("C:\Program Files\MiKTeX\tex/latex/base\size12.clo"
File: size12.clo 2019/12/20 v1.4l Standard LaTeX file (size option)
)
\c@part=\count168
\c@section=\count169
\c@subsection=\count170
\c@subsubsection=\count171
\c@paragraph=\count172
\c@subparagraph=\count173
\c@figure=\count174
\c@table=\count175
\abovecaptionskip=\skip47
\belowcaptionskip=\skip48
\bibindent=\dimen134
)
("C:\Program Files\MiKTeX\tex/latex/siunitx\siunitx.sty"
("C:\Program Files\MiKTeX\tex/latex/l3kernel\expl3.sty"
Package: expl3 2020-09-03 L3 programming layer (loader) 

("C:\Program Files\MiKTeX\tex/latex/l3backend\l3backend-pdftex.def"
File: l3backend-pdftex.def 2020-09-01 L3 backend support: PDF output (pdfTeX)
\l__kernel_color_stack_int=\count176
\l__pdf_internal_box=\box45
))
("C:\Program Files\MiKTeX\tex/latex/l3packages/xparse\xparse.sty"
Package: xparse 2020-05-15 L3 Experimental document command parser

("C:\Program Files\MiKTeX\tex/latex/l3packages/xparse\xparse-generic.tex"
\l__xparse_current_arg_int=\count177
\g__xparse_grabber_int=\count178
\l__xparse_m_args_int=\count179
\l__xparse_v_nesting_int=\count180
))
Package: siunitx 2020/02/25 v2.8b A comprehensive (SI) units package

("C:\Program Files\MiKTeX\tex/latex/amsmath\amstext.sty"
Package: amstext 2000/06/29 v2.01 AMS text

("C:\Program Files\MiKTeX\tex/latex/amsmath\amsgen.sty"
File: amsgen.sty 1999/11/30 v2.0 generic functions
\@emptytoks=\toks15
\ex@=\dimen135
))
("C:\Program Files\MiKTeX\tex/latex/tools\array.sty"
Package: array 2019/08/31 v2.4l Tabular extension package (FMi)
\col@sep=\dimen136
\ar@mcellbox=\box46
\extrarowheight=\dimen137
\NC@list=\toks16
\extratabsurround=\skip49
\backup@length=\skip50
\ar@cellbox=\box47
)
("C:\Program Files\MiKTeX\tex/latex/l3packages/l3keys2e\l3keys2e.sty"
Package: l3keys2e 2020-05-15 LaTeX2e option processing using LaTeX3 keys
)
\l__siunitx_tmp_box=\box48
\l__siunitx_tmp_dim=\dimen138
\l__siunitx_tmp_int=\count181
\l__siunitx_number_mantissa_length_int=\count182
\l__siunitx_number_uncert_length_int=\count183
\l__siunitx_round_int=\count184
\l__siunitx_process_decimal_int=\count185
\l__siunitx_process_uncertainty_int=\count186
\l__siunitx_process_fixed_int=\count187
\l__siunitx_process_integer_min_int=\count188
\l__siunitx_process_precision_int=\count189
\l__siunitx_group_min_int=\count190
\l__siunitx_angle_marker_box=\box49
\l__siunitx_angle_unit_box=\box50
\l__siunitx_angle_marker_dim=\dimen139
\l__siunitx_angle_unit_dim=\dimen140
\l__siunitx_unit_int=\count191
\l__siunitx_unit_denominator_int=\count192
\l__siunitx_unit_numerator_int=\count193
\l__siunitx_unit_prefix_int=\count194
\l__siunitx_unit_prefix_base_int=\count195
\l__siunitx_unit_prefix_gram_int=\count196
\l__siunitx_number_product_int=\count197
\c__siunitx_one_fill_skip=\skip51
\l__siunitx_table_unit_align_skip=\skip52
\l__siunitx_table_exponent_dim=\dimen141
\l__siunitx_table_integer_dim=\dimen142
\l__siunitx_table_mantissa_dim=\dimen143
\l__siunitx_table_marker_dim=\dimen144
\l__siunitx_table_result_dim=\dimen145
\l__siunitx_table_uncert_dim=\dimen146
\l__siunitx_table_fill_pre_dim=\dimen147
\l__siunitx_table_fill_post_dim=\dimen148
\l__siunitx_table_fill_mid_dim=\dimen149
\l__siunitx_table_pre_box=\box51
\l__siunitx_table_post_box=\box52
\l__siunitx_table_mantissa_box=\box53
\l__siunitx_table_result_box=\box54
\l__siunitx_table_number_align_skip=\skip53
\l__siunitx_table_text_align_skip=\skip54

("C:\Program Files\MiKTeX\tex/latex/translator\translator.sty"
Package: translator 2020-08-03 v1.12c Easy translation of strings in LaTeX

("C:\Program Files\MiKTeX\tex/latex/graphics\keyval.sty"
Package: keyval 2014/10/28 v1.15 key=value parser (DPC)
\KV@toks@=\toks17
)))
("C:\Program Files\MiKTeX\tex/latex/caption\caption.sty"
Package: caption 2020/10/26 v3.5g Customizing captions (AR)

("C:\Program Files\MiKTeX\tex/latex/caption\caption3.sty"
Package: caption3 2020/10/21 v2.2e caption3 kernel (AR)
\captionmargin=\dimen150
\captionmargin@=\dimen151
\captionwidth=\dimen152
\caption@tempdima=\dimen153
\caption@indent=\dimen154
\caption@parindent=\dimen155
\caption@hangindent=\dimen156
Package caption Info: Standard document class detected.
)
\c@caption@flags=\count198
\c@continuedfloat=\count199
)
("C:\Program Files\MiKTeX\tex/latex/caption\subcaption.sty"
Package: subcaption 2020/10/07 v1.3j Sub-captions (AR)
\c@subfigure=\count266
\c@subtable=\count267
)
("C:\Program Files\MiKTeX\tex/latex/cite\cite.sty"
LaTeX Info: Redefining \cite on input line 302.
LaTeX Info: Redefining \nocite on input line 332.
Package: cite 2015/02/27  v 5.5
)
("C:\Program Files\MiKTeX\tex/latex/graphics\graphicx.sty"
Package: graphicx 2019/11/30 v1.2a Enhanced LaTeX Graphics (DPC,SPQR)

("C:\Program Files\MiKTeX\tex/latex/graphics\graphics.sty"
Package: graphics 2019/11/30 v1.4a Standard LaTeX Graphics (DPC,SPQR)

("C:\Program Files\MiKTeX\tex/latex/graphics\trig.sty"
Package: trig 2016/01/03 v1.10 sin cos tan (DPC)
)
("C:\Program Files\MiKTeX\tex/latex/graphics-cfg\graphics.cfg"
File: graphics.cfg 2016/06/04 v1.11 sample graphics configuration
)
Package graphics Info: Driver file: pdftex.def on input line 105.

("C:\Program Files\MiKTeX\tex/latex/graphics-def\pdftex.def"
File: pdftex.def 2020/08/26 v1.2 Graphics/color driver for pdftex
))
\Gin@req@height=\dimen157
\Gin@req@width=\dimen158
)
("C:\Program Files\MiKTeX\tex/generic/babel\babel.sty"
Package: babel 2020/09/01 3.48 The Babel package

("C:\Program Files\MiKTeX\tex/generic/babel\babel.def"
File: babel.def 2020/09/01 3.48 Babel common definitions
\babel@savecnt=\count268
\U@D=\dimen159
\l@babelnohyphens=\language79

("C:\Program Files\MiKTeX\tex/generic/babel\txtbabel.def")
\bbl@readstream=\read2
)
\bbl@dirlevel=\count269

*************************************
* Local config file bblopts.cfg used
*
("C:\Program Files\MiKTeX\tex/latex/arabi\bblopts.cfg"
File: bblopts.cfg 2005/09/08 v0.1 add Arabic and Farsi to "declared" options of
 babel
)
("C:\Program Files\MiKTeX\tex/latex/babel-english\english.ldf"
Language: english 2017/06/06 v3.3r English support from the babel system
Package babel Info: \l@canadian = using hyphenrules for english
(babel)             (\language0) on input line 102.
Package babel Info: \l@australian = using hyphenrules for ukenglish
(babel)             (\language73) on input line 105.
Package babel Info: \l@newzealand = using hyphenrules for ukenglish
(babel)             (\language73) on input line 108.
))
("C:\Program Files\MiKTeX\tex/latex/base\inputenc.sty"
Package: inputenc 2018/08/11 v1.3c Input encoding file
\inpenc@prehook=\toks18
\inpenc@posthook=\toks19
)
("C:\Program Files\MiKTeX\tex/latex/vmargin\vmargin.sty"
Package: vmargin 2004/07/15 V2.5 set document margins (VK)

Package: vmargin 2004/07/15 V2.5 set document margins (VK)
\PaperWidth=\dimen160
\PaperHeight=\dimen161
) ("C:\Program Files\MiKTeX\tex/latex/booktabs\booktabs.sty"
Package: booktabs 2020/01/12 v1.61803398 Publication quality tables
\heavyrulewidth=\dimen162
\lightrulewidth=\dimen163
\cmidrulewidth=\dimen164
\belowrulesep=\dimen165
\belowbottomsep=\dimen166
\aboverulesep=\dimen167
\abovetopsep=\dimen168
\cmidrulesep=\dimen169
\cmidrulekern=\dimen170
\defaultaddspace=\dimen171
\@cmidla=\count270
\@cmidlb=\count271
\@aboverulesep=\dimen172
\@belowrulesep=\dimen173
\@thisruleclass=\count272
\@lastruleclass=\count273
\@thisrulewidth=\dimen174
)
("C:\Program Files\MiKTeX\tex/latex/multirow\multirow.sty"
Package: multirow 2021/01/29 v2.7 Span multiple rows of a table
\multirow@colwidth=\skip55
\multirow@cntb=\count274
\multirow@dima=\skip56
\bigstrutjot=\dimen175
)
("C:\Program Files\MiKTeX\tex/latex/xcolor\xcolor.sty"
Package: xcolor 2016/05/11 v2.12 LaTeX color extensions (UK)

("C:\Program Files\MiKTeX\tex/latex/graphics-cfg\color.cfg"
File: color.cfg 2016/01/02 v1.6 sample color configuration
)
Package xcolor Info: Driver file: pdftex.def on input line 225.

("C:\Program Files\MiKTeX\tex/latex/colortbl\colortbl.sty"
Package: colortbl 2020/01/04 v1.0e Color table columns (DPC)
\everycr=\toks20
\minrowclearance=\skip57
)
\rownum=\count275
Package xcolor Info: Model `cmy' substituted by `cmy0' on input line 1348.
Package xcolor Info: Model `hsb' substituted by `rgb' on input line 1352.
Package xcolor Info: Model `RGB' extended on input line 1364.
Package xcolor Info: Model `HTML' substituted by `rgb' on input line 1366.
Package xcolor Info: Model `Hsb' substituted by `hsb' on input line 1367.
Package xcolor Info: Model `tHsb' substituted by `hsb' on input line 1368.
Package xcolor Info: Model `HSB' substituted by `hsb' on input line 1369.
Package xcolor Info: Model `Gray' substituted by `gray' on input line 1370.
Package xcolor Info: Model `wave' substituted by `hsb' on input line 1371.
)
("C:\Program Files\MiKTeX\tex/latex/tools\multicol.sty"
Package: multicol 2019/12/09 v1.8y multicolumn formatting (FMi)
\c@tracingmulticols=\count276
\mult@box=\box55
\multicol@leftmargin=\dimen176
\c@unbalance=\count277
\c@collectmore=\count278
\doublecol@number=\count279
\multicoltolerance=\count280
\multicolpretolerance=\count281
\full@width=\dimen177
\page@free=\dimen178
\premulticols=\dimen179
\postmulticols=\dimen180
\multicolsep=\skip58
\multicolbaselineskip=\skip59
\partial@page=\box56
\last@line=\box57
\maxbalancingoverflow=\dimen181
\mult@rightbox=\box58
\mult@grightbox=\box59
\mult@gfirstbox=\box60
\mult@firstbox=\box61
\@tempa=\box62
\@tempa=\box63
\@tempa=\box64
\@tempa=\box65
\@tempa=\box66
\@tempa=\box67
\@tempa=\box68
\@tempa=\box69
\@tempa=\box70
\@tempa=\box71
\@tempa=\box72
\@tempa=\box73
\@tempa=\box74
\@tempa=\box75
\@tempa=\box76
\@tempa=\box77
\@tempa=\box78
\@tempa=\box79
\@tempa=\box80
\@tempa=\box81
\@tempa=\box82
\@tempa=\box83
\@tempa=\box84
\@tempa=\box85
\@tempa=\box86
\@tempa=\box87
\@tempa=\box88
\@tempa=\box89
\@tempa=\box90
\@tempa=\box91
\@tempa=\box92
\@tempa=\box93
\@tempa=\box94
\@tempa=\box95
\@tempa=\box96
\@tempa=\box97
\@tempa=\box98
\c@minrows=\count282
\c@columnbadness=\count283
\c@finalcolumnbadness=\count284
\last@try=\dimen182
\multicolovershoot=\dimen183
\multicolundershoot=\dimen184
\mult@nat@firstbox=\box99
\colbreak@box=\box100
\mc@col@check@num=\count285
) (thesis.aux)
\openout1 = `thesis.aux'.

LaTeX Font Info:    Checking defaults for OML/cmm/m/it on input line 20.
LaTeX Font Info:    ... okay on input line 20.
LaTeX Font Info:    Checking defaults for OMS/cmsy/m/n on input line 20.
LaTeX Font Info:    ... okay on input line 20.
LaTeX Font Info:    Checking defaults for OT1/cmr/m/n on input line 20.
LaTeX Font Info:    ... okay on input line 20.
LaTeX Font Info:    Checking defaults for T1/cmr/m/n on input line 20.
LaTeX Font Info:    ... okay on input line 20.
LaTeX Font Info:    Checking defaults for TS1/cmr/m/n on input line 20.
LaTeX Font Info:    ... okay on input line 20.
LaTeX Font Info:    Checking defaults for OMX/cmex/m/n on input line 20.
LaTeX Font Info:    ... okay on input line 20.
LaTeX Font Info:    Checking defaults for U/cmr/m/n on input line 20.
LaTeX Font Info:    ... okay on input line 20.

("C:\Program Files\MiKTeX\tex/latex/translator\translator-basic-dictionary-Engl
ish.dict"
Dictionary: translator-basic-dictionary, Language: English 
) ("C:\Program Files\MiKTeX\tex/latex/siunitx\siunitx-abbreviations.cfg"
File: siunitx-abbreviations.cfg 2017/11/26 v2.7k siunitx: Abbreviated units
)
Package caption Info: Begin \AtBeginDocument code.
Package caption Info: End \AtBeginDocument code.
 ("C:\Program Files\MiKTeX\tex/context/base/mkii\supp-pdf.mkii"
[Loading MPS to PDF converter (version 2006.09.02).]
\scratchcounter=\count286
\scratchdimen=\dimen185
\scratchbox=\box101
\nofMPsegments=\count287
\nofMParguments=\count288
\everyMPshowfont=\toks21
\MPscratchCnt=\count289
\MPscratchDim=\dimen186
\MPnumerator=\count290
\makeMPintoPDFobject=\count291
\everyMPtoPDFconversion=\toks22
) ("C:\Program Files\MiKTeX\tex/latex/epstopdf-pkg\epstopdf-base.sty"
Package: epstopdf-base 2020-01-24 v2.11 Base part for package epstopdf
Package epstopdf-base Info: Redefining graphics rule for `.eps' on input line 4
85.
)
LaTeX Font Info:    External font `cmex10' loaded for size
(Font)              <12> on input line 20.
LaTeX Font Info:    External font `cmex10' loaded for size
(Font)              <8> on input line 20.
LaTeX Font Info:    External font `cmex10' loaded for size
(Font)              <6> on input line 20.
<figuras/logoUCM.png, id=1, 145.5036pt x 169.5936pt>
File: figuras/logoUCM.png Graphic file (type png)
<use figuras/logoUCM.png>
Package pdftex.def Info: figuras/logoUCM.png  used on input line 34.
(pdftex.def)             Requested size: 164.31752pt x 191.52466pt.
 [1

{C:/Users/Ignacio/AppData/Local/MiKTeX/pdftex/config/pdftex.map} <./figuras/log
oUCM.png>] [1] (thesis.toc)
\tf@toc=\write3
\openout3 = `thesis.toc'.

 [2]
<figuras/DL_papers.png, id=17, 703.87968pt x 374.14781pt>
File: figuras/DL_papers.png Graphic file (type png)
<use figuras/DL_papers.png>
Package pdftex.def Info: figuras/DL_papers.png  used on input line 104.
(pdftex.def)             Requested size: 281.68513pt x 149.72498pt.
 [3 <./figuras/DL_papers.png>]

LaTeX Warning: Command \textendash invalid in math mode on input line 146.

[4]

LaTeX Warning: No positions in optional float specifier.
               Default added (so using `tbp') on input line 165.

<figuras/lowq.png, id=30, 420.97275pt x 195.73125pt>
File: figuras/lowq.png Graphic file (type png)
<use figuras/lowq.png>
Package pdftex.def Info: figuras/lowq.png  used on input line 198.
(pdftex.def)             Requested size: 230.04309pt x 106.95662pt.
<figuras/highq.png, id=31, 463.7325pt x 182.48175pt>
File: figuras/highq.png Graphic file (type png)
<use figuras/highq.png>
Package pdftex.def Info: figuras/highq.png  used on input line 203.
(pdftex.def)             Requested size: 230.04309pt x 90.52504pt.

LaTeX Warning: `h' float specifier changed to `ht'.

[5]
<figuras/resolution1_edit.png, id=36, 263.48438pt x 135.50626pt>
File: figuras/resolution1_edit.png Graphic file (type png)
<use figuras/resolution1_edit.png>
Package pdftex.def Info: figuras/resolution1_edit.png  used on input line 230.
(pdftex.def)             Requested size: 187.78531pt x 96.5802pt.
LaTeX Font Info:    External font `cmex10' loaded for size
(Font)              <7> on input line 231.
<figuras/resolution2_edit.png, id=37, 263.48438pt x 135.50626pt>
File: figuras/resolution2_edit.png Graphic file (type png)
<use figuras/resolution2_edit.png>
Package pdftex.def Info: figuras/resolution2_edit.png  used on input line 237.
(pdftex.def)             Requested size: 187.78531pt x 96.5802pt.
LaTeX Font Info:    External font `cmex10' loaded for size
(Font)              <10.95> on input line 240.
 [6 <./figuras/lowq.png> <./figuras/highq.png>]

LaTeX Warning: Command \textperiodcentered invalid in math mode on input line 2
50.


LaTeX Warning: Command \textperiodcentered invalid in math mode on input line 2
50.

Missing character: There is no · in font cmr12!
[7 <./figuras/resolution1_edit.png> <./figuras/resolution2_edit.png>]
<figuras/alines_plus.png, id=46, 413.29407pt x 258.9675pt>
File: figuras/alines_plus.png Graphic file (type png)
<use figuras/alines_plus.png>
Package pdftex.def Info: figuras/alines_plus.png  used on input line 273.
(pdftex.def)             Requested size: 258.21017pt x 161.795pt.
<figuras/blines.png, id=47, 327.2225pt x 345.29pt>
File: figuras/blines.png Graphic file (type png)
<use figuras/blines.png>
Package pdftex.def Info: figuras/blines.png  used on input line 280.
(pdftex.def)             Requested size: 150.23398pt x 158.52972pt.
 [8 <./figuras/alines_plus.png> <./figuras/blines.png>]
<figuras/clusters.png, id=52, 735.34724pt x 498.663pt>
File: figuras/clusters.png Graphic file (type png)
<use figuras/clusters.png>
Package pdftex.def Info: figuras/clusters.png  used on input line 323.
(pdftex.def)             Requested size: 227.62204pt x 154.35565pt.
 [9]
<figuras/key_frames.png, id=56, 706.64pt x 308.15125pt>
File: figuras/key_frames.png Graphic file (type png)
<use figuras/key_frames.png>
Package pdftex.def Info: figuras/key_frames.png  used on input line 342.
(pdftex.def)             Requested size: 469.47046pt x 204.72992pt.
 [10 <./figuras/clusters.png>]
<figuras/sector_polar.png, id=62, 379.4175pt x 432.61626pt>
File: figuras/sector_polar.png Graphic file (type png)
<use figuras/sector_polar.png>
Package pdftex.def Info: figuras/sector_polar.png  used on input line 402.
(pdftex.def)             Requested size: 234.73523pt x 267.65161pt.
[11 <./figuras/key_frames.png>] [12 <./figuras/sector_polar.png>]
<figuras/diagrama.png, id=73, 599.23875pt x 217.81375pt>
File: figuras/diagrama.png Graphic file (type png)
<use figuras/diagrama.png>
Package pdftex.def Info: figuras/diagrama.png  used on input line 434.
(pdftex.def)             Requested size: 312.9803pt x 113.76564pt.
 [13 <./figuras/diagrama.png>]
Underfull \hbox (badness 10000) in paragraph at lines 452--453

 []


Underfull \hbox (badness 10000) in paragraph at lines 452--453

 []

<figuras/score_overview.png, id=78, 946.0143pt x 216.0873pt>
File: figuras/score_overview.png Graphic file (type png)
<use figuras/score_overview.png>
Package pdftex.def Info: figuras/score_overview.png  used on input line 494.
(pdftex.def)             Requested size: 469.47046pt x 107.23555pt.

LaTeX Warning: `h' float specifier changed to `ht'.

<figuras/feature_confusion.png, id=79, 462.528pt x 346.896pt>
File: figuras/feature_confusion.png Graphic file (type png)
<use figuras/feature_confusion.png>
Package pdftex.def Info: figuras/feature_confusion.png  used on input line 506.

(pdftex.def)             Requested size: 211.26027pt x 158.44664pt.
<figuras/image_confusion.png, id=80, 462.528pt x 346.896pt>
File: figuras/image_confusion.png Graphic file (type png)
<use figuras/image_confusion.png>
Package pdftex.def Info: figuras/image_confusion.png  used on input line 510.
(pdftex.def)             Requested size: 211.26027pt x 158.44664pt.
[14] [15 <./figuras/score_overview.png> <./figuras/feature_confusion.png> <./fi
guras/image_confusion.png>]

LaTeX Warning: No positions in optional float specifier.
               Default added (so using `tbp') on input line 551.

<figuras/spleen.png, id=90, 327.2225pt x 345.29pt>
File: figuras/spleen.png Graphic file (type png)
<use figuras/spleen.png>
Package pdftex.def Info: figuras/spleen.png  used on input line 576.
(pdftex.def)             Requested size: 187.78531pt x 198.15558pt.

LaTeX Warning: `h' float specifier changed to `ht'.

[16] [17 <./figuras/spleen.png>]
<figuras/ultracov_GUI.png, id=99, 965.40675pt x 404.10976pt>
File: figuras/ultracov_GUI.png Graphic file (type png)
<use figuras/ultracov_GUI.png>
Package pdftex.def Info: figuras/ultracov_GUI.png  used on input line 609.
(pdftex.def)             Requested size: 422.52054pt x 176.8654pt.
 [18 <./figuras/ultracov_GUI.png>] (thesis.bbl
[19]) [20] (thesis.aux) ) 
Here is how much of TeX's memory you used:
 7141 strings out of 481199
 147409 string characters out of 2915343
 393570 words of memory out of 3000000
 22656 multiletter control sequences out of 15000+200000
 544543 words of font info for 63 fonts, out of 3000000 for 9000
 1141 hyphenation exceptions out of 8191
 39i,12n,46p,1386b,795s stack positions out of 5000i,500n,10000p,200000b,50000s
 <C:\Users\Ignacio\AppData\Local\MiKTeX\fonts/pk/ljfou
r/jknappen/ec/dpi600\tcrm1200.pk><C:/Program Files/MiKTeX/fonts/type1/public/am
sfonts/cm/cmbx12.pfb><C:/Program Files/MiKTeX/fonts/type1/public/amsfonts/cm/cm
ex10.pfb><C:/Program Files/MiKTeX/fonts/type1/public/amsfonts/cm/cmmi10.pfb><C:
/Program Files/MiKTeX/fonts/type1/public/amsfonts/cm/cmmi12.pfb><C:/Program Fil
es/MiKTeX/fonts/type1/public/amsfonts/cm/cmmi6.pfb><C:/Program Files/MiKTeX/fon
ts/type1/public/amsfonts/cm/cmmi8.pfb><C:/Program Files/MiKTeX/fonts/type1/publ
ic/amsfonts/cm/cmr10.pfb><C:/Program Files/MiKTeX/fonts/type1/public/amsfonts/c
m/cmr12.pfb><C:/Program Files/MiKTeX/fonts/type1/public/amsfonts/cm/cmr17.pfb><
C:/Program Files/MiKTeX/fonts/type1/public/amsfonts/cm/cmr8.pfb><C:/Program Fil
es/MiKTeX/fonts/type1/public/amsfonts/cm/cmsy10.pfb><C:/Program Files/MiKTeX/fo
nts/type1/public/amsfonts/cm/cmsy8.pfb><C:/Program Files/MiKTeX/fonts/type1/pub
lic/amsfonts/cm/cmti12.pfb>
Output written on thesis.pdf (21 pages, 1134552 bytes).
PDF statistics:
 156 PDF objects out of 1000 (max. 8388607)
 0 named destinations out of 1000 (max. 500000)
 86 words of extra memory for PDF output out of 10000 (max. 10000000)

